[2023-04-21 11:21:05] development.ERROR: Class 'Jenssegers\Agent\AgentServiceProvider' not found {"exception":"[object] (Error(code: 0): Class 'Jenssegers\\Agent\\AgentServiceProvider' not found at /opt/somosmas-dev/vendor/laravel/framework/src/Illuminate/Foundation/Application.php:745)
[stacktrace]
#0 /opt/somosmas-dev/vendor/laravel/framework/src/Illuminate/Foundation/Application.php(679): Illuminate\\Foundation\\Application->resolveProvider()
#1 /opt/somosmas-dev/vendor/laravel/framework/src/Illuminate/Foundation/ProviderRepository.php(75): Illuminate\\Foundation\\Application->register()
#2 /opt/somosmas-dev/vendor/laravel/framework/src/Illuminate/Foundation/Application.php(659): Illuminate\\Foundation\\ProviderRepository->load()
#3 /opt/somosmas-dev/vendor/laravel/framework/src/Illuminate/Foundation/Bootstrap/RegisterProviders.php(17): Illuminate\\Foundation\\Application->registerConfiguredProviders()
#4 /opt/somosmas-dev/vendor/laravel/framework/src/Illuminate/Foundation/Application.php(237): Illuminate\\Foundation\\Bootstrap\\RegisterProviders->bootstrap()
#5 /opt/somosmas-dev/vendor/laravel/framework/src/Illuminate/Foundation/Console/Kernel.php(310): Illuminate\\Foundation\\Application->bootstrapWith()
#6 /opt/somosmas-dev/vendor/laravel/framework/src/Illuminate/Foundation/Console/Kernel.php(127): Illuminate\\Foundation\\Console\\Kernel->bootstrap()
#7 /opt/somosmas-dev/artisan(37): Illuminate\\Foundation\\Console\\Kernel->handle()
#8 {main}
"} 
[2023-04-21 11:21:14] development.ERROR: Class 'Jenssegers\Agent\AgentServiceProvider' not found {"exception":"[object] (Error(code: 0): Class 'Jenssegers\\Agent\\AgentServiceProvider' not found at /opt/somosmas-dev/vendor/laravel/framework/src/Illuminate/Foundation/Application.php:745)
[stacktrace]
#0 /opt/somosmas-dev/vendor/laravel/framework/src/Illuminate/Foundation/Application.php(679): Illuminate\\Foundation\\Application->resolveProvider()
#1 /opt/somosmas-dev/vendor/laravel/framework/src/Illuminate/Foundation/ProviderRepository.php(75): Illuminate\\Foundation\\Application->register()
#2 /opt/somosmas-dev/vendor/laravel/framework/src/Illuminate/Foundation/Application.php(659): Illuminate\\Foundation\\ProviderRepository->load()
#3 /opt/somosmas-dev/vendor/laravel/framework/src/Illuminate/Foundation/Bootstrap/RegisterProviders.php(17): Illuminate\\Foundation\\Application->registerConfiguredProviders()
#4 /opt/somosmas-dev/vendor/laravel/framework/src/Illuminate/Foundation/Application.php(237): Illuminate\\Foundation\\Bootstrap\\RegisterProviders->bootstrap()
#5 /opt/somosmas-dev/vendor/laravel/framework/src/Illuminate/Foundation/Console/Kernel.php(310): Illuminate\\Foundation\\Application->bootstrapWith()
#6 /opt/somosmas-dev/vendor/laravel/framework/src/Illuminate/Foundation/Console/Kernel.php(127): Illuminate\\Foundation\\Console\\Kernel->bootstrap()
#7 /opt/somosmas-dev/artisan(37): Illuminate\\Foundation\\Console\\Kernel->handle()
#8 {main}
"} 
